19:07:37.587 [AsyncHttpClient-1-2] DEBUG io.netty.util.ResourceLeakDetectorFactory - Loaded default ResourceLeakDetector: io.netty.util.ResourceLeakDetector@38c3887d
19:07:37.616 [AsyncHttpClient-1-2] DEBUG io.netty.util.Recycler - -Dio.netty.recycler.maxCapacityPerThread: 4096
19:07:37.616 [AsyncHttpClient-1-2] DEBUG io.netty.util.Recycler - -Dio.netty.recycler.ratio: 8
19:07:37.616 [AsyncHttpClient-1-2] DEBUG io.netty.util.Recycler - -Dio.netty.recycler.chunkSize: 32
19:07:37.616 [AsyncHttpClient-1-2] DEBUG io.netty.util.Recycler - -Dio.netty.recycler.blocking: false
19:07:38.265 [AsyncHttpClient-1-2] DEBUG io.netty.handler.codec.compression.Brotli - brotli4j not in the classpath; Brotli support will be unavailable.
19:07:38.398 [main] DEBUG io.netty.util.internal.ThreadLocalRandom - -Dio.netty.initialSeedUniquifier: 0x616f19351a839ffe
19:07:38.458 [main] INFO  testCases.TC_001_AccountRegistration -  Starting TC_001_AccountRegistration 
19:07:38.458 [main] INFO  testCases.TC_001_AccountRegistration - launching the driver....
19:07:39.882 [main] INFO  testCases.TC_001_AccountRegistration - Clicked the My Account
19:07:40.571 [main] INFO  testCases.TC_001_AccountRegistration - Clicked Register
19:07:40.708 [main] INFO  testCases.TC_001_AccountRegistration - First Name Given
19:07:40.808 [main] INFO  testCases.TC_001_AccountRegistration - Last name Given
19:07:40.939 [main] INFO  testCases.TC_001_AccountRegistration - Email given
19:07:40.939 [main] INFO  testCases.TC_001_AccountRegistration - got the email
19:07:41.057 [main] INFO  testCases.TC_001_AccountRegistration - Telephone number given
19:07:41.155 [main] INFO  testCases.TC_001_AccountRegistration - Password given
19:07:41.227 [main] INFO  testCases.TC_001_AccountRegistration - confirmed the password
19:07:41.295 [main] INFO  testCases.TC_001_AccountRegistration - Checked the privacy policy
19:07:44.387 [main] INFO  testCases.TC_001_AccountRegistration - Clicked Continue 
19:07:44.461 [main] INFO  testCases.TC_001_AccountRegistration - Registration passed
19:07:44.461 [main] INFO  testCases.TC_001_AccountRegistration -  Finished TC_001_AccountRegistration 
21:27:55.267 [main] DEBUG io.netty.util.internal.logging.InternalLoggerFactory - Using Log4J2 as the default logging framework
21:27:55.286 [main] DEBUG io.netty.util.ResourceLeakDetector - -Dio.netty.leakDetection.level: simple
21:27:55.286 [main] DEBUG io.netty.util.ResourceLeakDetector - -Dio.netty.leakDetection.targetRecords: 4
21:27:55.293 [main] DEBUG io.netty.util.ResourceLeakDetectorFactory - Loaded default ResourceLeakDetector: io.netty.util.ResourceLeakDetector@1b7cae6f
21:27:55.318 [main] DEBUG io.netty.util.internal.PlatformDependent0 - -Dio.netty.noUnsafe: false
21:27:55.318 [main] DEBUG io.netty.util.internal.PlatformDependent0 - Java version: 18
21:27:55.319 [main] DEBUG io.netty.util.internal.PlatformDependent0 - sun.misc.Unsafe.theUnsafe: available
21:27:55.319 [main] DEBUG io.netty.util.internal.PlatformDependent0 - sun.misc.Unsafe.copyMemory: available
21:27:55.320 [main] DEBUG io.netty.util.internal.PlatformDependent0 - java.nio.Buffer.address: available
21:27:55.321 [main] DEBUG io.netty.util.internal.PlatformDependent0 - direct buffer constructor: unavailable: Reflective setAccessible(true) disabled
21:27:55.321 [main] DEBUG io.netty.util.internal.PlatformDependent0 - java.nio.Bits.unaligned: available, true
21:27:55.323 [main] DEBUG io.netty.util.internal.PlatformDependent0 - jdk.internal.misc.Unsafe.allocateUninitializedArray(int): unavailable: class io.netty.util.internal.PlatformDependent0$6 cannot access class jdk.internal.misc.Unsafe (in module java.base) because module java.base does not export jdk.internal.misc to unnamed module @3abfe836
21:27:55.324 [main] DEBUG io.netty.util.internal.PlatformDependent0 - java.nio.DirectByteBuffer.<init>(long, int): unavailable
21:27:55.324 [main] DEBUG io.netty.util.internal.PlatformDependent - sun.misc.Unsafe: available
21:27:55.325 [main] DEBUG io.netty.util.internal.PlatformDependent - maxDirectMemory: 4227858432 bytes (maybe)
21:27:55.326 [main] DEBUG io.netty.util.internal.PlatformDependent - -Dio.netty.tmpdir: C:\Users\sandh\AppData\Local\Temp (java.io.tmpdir)
21:27:55.326 [main] DEBUG io.netty.util.internal.PlatformDependent - -Dio.netty.bitMode: 64 (sun.arch.data.model)
21:27:55.326 [main] DEBUG io.netty.util.internal.PlatformDependent - Platform: Windows
21:27:55.327 [main] DEBUG io.netty.util.internal.PlatformDependent - -Dio.netty.maxDirectMemory: -1 bytes
21:27:55.327 [main] DEBUG io.netty.util.internal.PlatformDependent - -Dio.netty.uninitializedArrayAllocationThreshold: -1
21:27:55.329 [main] DEBUG io.netty.util.internal.CleanerJava9 - java.nio.ByteBuffer.cleaner(): available
21:27:55.329 [main] DEBUG io.netty.util.internal.PlatformDependent - -Dio.netty.noPreferDirect: false
21:27:55.337 [main] DEBUG io.netty.util.internal.PlatformDependent - org.jctools-core.MpscChunkedArrayQueue: available
21:27:55.369 [main] DEBUG io.netty.util.internal.InternalThreadLocalMap - -Dio.netty.threadLocalMap.stringBuilder.initialSize: 1024
21:27:55.370 [main] DEBUG io.netty.util.internal.InternalThreadLocalMap - -Dio.netty.threadLocalMap.stringBuilder.maxSize: 4096
21:27:55.387 [main] DEBUG io.netty.handler.ssl.JdkSslContext - Default protocols (JDK): [TLSv1.3, TLSv1.2] 
21:27:55.388 [main] DEBUG io.netty.handler.ssl.JdkSslContext - Default cipher suites (JDK): [TLS_ECDHE_ECDSA_WITH_AES_256_GCM_SHA384, TLS_ECDHE_ECDSA_WITH_AES_128_GCM_SHA256, TLS_ECDHE_RSA_WITH_AES_128_GCM_SHA256, TLS_ECDHE_RSA_WITH_AES_256_GCM_SHA384, TLS_ECDHE_RSA_WITH_AES_128_CBC_SHA, TLS_ECDHE_RSA_WITH_AES_256_CBC_SHA, TLS_RSA_WITH_AES_128_GCM_SHA256, TLS_RSA_WITH_AES_128_CBC_SHA, TLS_RSA_WITH_AES_256_CBC_SHA, TLS_AES_128_GCM_SHA256, TLS_AES_256_GCM_SHA384]
21:27:55.417 [main] DEBUG io.netty.channel.MultithreadEventLoopGroup - -Dio.netty.eventLoopThreads: 32
21:27:55.427 [main] DEBUG io.netty.channel.nio.NioEventLoop - -Dio.netty.noKeySetOptimization: false
21:27:55.428 [main] DEBUG io.netty.channel.nio.NioEventLoop - -Dio.netty.selectorAutoRebuildThreshold: 512
21:27:55.494 [main] DEBUG io.netty.buffer.PooledByteBufAllocator - -Dio.netty.allocator.numHeapArenas: 32
21:27:55.494 [main] DEBUG io.netty.buffer.PooledByteBufAllocator - -Dio.netty.allocator.numDirectArenas: 32
21:27:55.494 [main] DEBUG io.netty.buffer.PooledByteBufAllocator - -Dio.netty.allocator.pageSize: 8192
21:27:55.494 [main] DEBUG io.netty.buffer.PooledByteBufAllocator - -Dio.netty.allocator.maxOrder: 9
21:27:55.494 [main] DEBUG io.netty.buffer.PooledByteBufAllocator - -Dio.netty.allocator.chunkSize: 4194304
21:27:55.494 [main] DEBUG io.netty.buffer.PooledByteBufAllocator - -Dio.netty.allocator.smallCacheSize: 256
21:27:55.494 [main] DEBUG io.netty.buffer.PooledByteBufAllocator - -Dio.netty.allocator.normalCacheSize: 64
21:27:55.494 [main] DEBUG io.netty.buffer.PooledByteBufAllocator - -Dio.netty.allocator.maxCachedBufferCapacity: 32768
21:27:55.494 [main] DEBUG io.netty.buffer.PooledByteBufAllocator - -Dio.netty.allocator.cacheTrimInterval: 8192
21:27:55.494 [main] DEBUG io.netty.buffer.PooledByteBufAllocator - -Dio.netty.allocator.cacheTrimIntervalMillis: 0
21:27:55.494 [main] DEBUG io.netty.buffer.PooledByteBufAllocator - -Dio.netty.allocator.useCacheForAllThreads: false
21:27:55.494 [main] DEBUG io.netty.buffer.PooledByteBufAllocator - -Dio.netty.allocator.maxCachedByteBuffersPerChunk: 1023
21:27:55.506 [main] DEBUG io.netty.buffer.ByteBufUtil - -Dio.netty.allocator.type: pooled
21:27:55.507 [main] DEBUG io.netty.buffer.ByteBufUtil - -Dio.netty.threadLocalDirectBufferSize: 0
21:27:55.507 [main] DEBUG io.netty.buffer.ByteBufUtil - -Dio.netty.maxThreadLocalCharBufferSize: 16384
21:27:56.151 [Forwarding newSession on session null to remote] DEBUG io.netty.channel.DefaultChannelId - -Dio.netty.processId: 40504 (auto-detected)
21:27:56.154 [Forwarding newSession on session null to remote] DEBUG io.netty.util.NetUtil - -Djava.net.preferIPv4Stack: false
21:27:56.154 [Forwarding newSession on session null to remote] DEBUG io.netty.util.NetUtil - -Djava.net.preferIPv6Addresses: false
21:27:56.164 [Forwarding newSession on session null to remote] DEBUG io.netty.util.NetUtilInitializations - Loopback interface: lo (Software Loopback Interface 1, 127.0.0.1)
21:27:56.165 [Forwarding newSession on session null to remote] DEBUG io.netty.util.NetUtil - Failed to get SOMAXCONN from sysctl and file \proc\sys\net\core\somaxconn. Default: 200
21:27:56.187 [Forwarding newSession on session null to remote] DEBUG io.netty.channel.DefaultChannelId - -Dio.netty.machineId: 20:c1:9b:ff:fe:c4:75:2f (auto-detected)
21:27:56.244 [AsyncHttpClient-1-2] DEBUG io.netty.buffer.AbstractByteBuf - -Dio.netty.buffer.checkAccessible: true
21:27:56.245 [AsyncHttpClient-1-2] DEBUG io.netty.buffer.AbstractByteBuf - -Dio.netty.buffer.checkBounds: true
21:27:56.245 [AsyncHttpClient-1-2] DEBUG io.netty.util.ResourceLeakDetectorFactory - Loaded default ResourceLeakDetector: io.netty.util.ResourceLeakDetector@30b96f3a
21:27:56.271 [AsyncHttpClient-1-2] DEBUG io.netty.util.Recycler - -Dio.netty.recycler.maxCapacityPerThread: 4096
21:27:56.271 [AsyncHttpClient-1-2] DEBUG io.netty.util.Recycler - -Dio.netty.recycler.ratio: 8
21:27:56.271 [AsyncHttpClient-1-2] DEBUG io.netty.util.Recycler - -Dio.netty.recycler.chunkSize: 32
21:27:56.271 [AsyncHttpClient-1-2] DEBUG io.netty.util.Recycler - -Dio.netty.recycler.blocking: false
21:27:56.990 [AsyncHttpClient-1-2] DEBUG io.netty.handler.codec.compression.Brotli - brotli4j not in the classpath; Brotli support will be unavailable.
21:27:57.137 [main] DEBUG io.netty.util.internal.ThreadLocalRandom - -Dio.netty.initialSeedUniquifier: 0x03c567f43f8fde18
21:27:57.222 [main] INFO  testCases.TC_001_AccountRegistration -  Starting TC_001_AccountRegistration 
21:27:57.223 [main] INFO  testCases.TC_001_AccountRegistration - launching the driver....
21:27:58.772 [main] INFO  testCases.TC_001_AccountRegistration - Clicked the My Account
21:27:59.557 [main] INFO  testCases.TC_001_AccountRegistration - Clicked Register
21:27:59.688 [main] INFO  testCases.TC_001_AccountRegistration - First Name Given
21:27:59.793 [main] INFO  testCases.TC_001_AccountRegistration - Last name Given
21:27:59.922 [main] INFO  testCases.TC_001_AccountRegistration - Email given
21:27:59.922 [main] INFO  testCases.TC_001_AccountRegistration - got the email
21:28:00.031 [main] INFO  testCases.TC_001_AccountRegistration - Telephone number given
21:28:00.123 [main] INFO  testCases.TC_001_AccountRegistration - Password given
21:28:00.198 [main] INFO  testCases.TC_001_AccountRegistration - confirmed the password
21:28:00.257 [main] INFO  testCases.TC_001_AccountRegistration - Checked the privacy policy
21:28:03.072 [main] INFO  testCases.TC_001_AccountRegistration - Clicked Continue 
21:28:03.141 [main] INFO  testCases.TC_001_AccountRegistration - Registration passed
21:28:03.142 [main] INFO  testCases.TC_001_AccountRegistration -  Finished TC_001_AccountRegistration 
16:23:29.337 [main] INFO  testCases.TC_001_AccountRegistration -  Starting TC_001_AccountRegistration 
16:23:29.338 [main] INFO  testCases.TC_001_AccountRegistration - launching the driver....
16:23:31.173 [main] INFO  testCases.TC_001_AccountRegistration - Clicked the My Account
16:23:31.560 [main] INFO  testCases.TC_001_AccountRegistration - Clicked Register
16:23:31.621 [main] INFO  testCases.TC_001_AccountRegistration - First Name Given
16:23:31.675 [main] INFO  testCases.TC_001_AccountRegistration - Last name Given
16:23:31.742 [main] INFO  testCases.TC_001_AccountRegistration - Email given
16:23:31.742 [main] INFO  testCases.TC_001_AccountRegistration - got the email
16:23:31.797 [main] INFO  testCases.TC_001_AccountRegistration - Telephone number given
16:23:31.844 [main] INFO  testCases.TC_001_AccountRegistration - Password given
16:23:31.883 [main] INFO  testCases.TC_001_AccountRegistration - confirmed the password
16:23:31.916 [main] INFO  testCases.TC_001_AccountRegistration - Checked the privacy policy
16:23:34.349 [main] INFO  testCases.TC_001_AccountRegistration - Clicked Continue 
16:23:34.375 [main] INFO  testCases.TC_001_AccountRegistration - Registration passed
16:23:34.375 [main] INFO  testCases.TC_001_AccountRegistration -  Finished TC_001_AccountRegistration 
23:17:45.571 [main] INFO  testCases.TC_001_AccountRegistration -  Starting TC_001_AccountRegistration 
23:17:45.575 [main] INFO  testCases.TC_001_AccountRegistration - launching the driver....
23:17:49.924 [main] INFO  testCases.TC_001_AccountRegistration - Clicked the My Account
23:17:50.690 [main] INFO  testCases.TC_001_AccountRegistration - Clicked Register
23:17:50.841 [main] INFO  testCases.TC_001_AccountRegistration - First Name Given
23:17:50.960 [main] INFO  testCases.TC_001_AccountRegistration - Last name Given
23:17:51.085 [main] INFO  testCases.TC_001_AccountRegistration - Email given
23:17:51.086 [main] INFO  testCases.TC_001_AccountRegistration - got the email
23:17:51.191 [main] INFO  testCases.TC_001_AccountRegistration - Telephone number given
23:17:51.290 [main] INFO  testCases.TC_001_AccountRegistration - Password given
23:17:51.395 [main] INFO  testCases.TC_001_AccountRegistration - confirmed the password
23:17:51.479 [main] INFO  testCases.TC_001_AccountRegistration - Checked the privacy policy
23:17:54.289 [main] INFO  testCases.TC_001_AccountRegistration - Clicked Continue 
23:17:54.355 [main] INFO  testCases.TC_001_AccountRegistration - Registration passed
23:17:54.355 [main] INFO  testCases.TC_001_AccountRegistration -  Finished TC_001_AccountRegistration 
14:55:31.293 [main] INFO  testCases.TC_001_AccountRegistration -  Starting TC_001_AccountRegistration 
14:55:31.297 [main] INFO  testCases.TC_001_AccountRegistration - launching the driver....
14:55:39.724 [main] FATAL testCases.TC_001_AccountRegistration - Account Registration Failed 
14:56:29.892 [main] INFO  testCases.TC_001_AccountRegistration -  Starting TC_001_AccountRegistration 
14:56:29.895 [main] INFO  testCases.TC_001_AccountRegistration - launching the driver....
14:56:34.940 [main] INFO  testCases.TC_001_AccountRegistration - Clicked the My Account
14:56:35.695 [main] INFO  testCases.TC_001_AccountRegistration - Clicked Register
14:56:35.809 [main] INFO  testCases.TC_001_AccountRegistration - First Name Given
14:56:35.906 [main] INFO  testCases.TC_001_AccountRegistration - Last name Given
14:56:36.042 [main] INFO  testCases.TC_001_AccountRegistration - Email given
14:56:36.043 [main] INFO  testCases.TC_001_AccountRegistration - got the email
14:56:36.146 [main] INFO  testCases.TC_001_AccountRegistration - Telephone number given
14:56:36.236 [main] INFO  testCases.TC_001_AccountRegistration - Password given
14:56:36.320 [main] INFO  testCases.TC_001_AccountRegistration - confirmed the password
14:56:36.390 [main] INFO  testCases.TC_001_AccountRegistration - Checked the privacy policy
14:56:39.256 [main] INFO  testCases.TC_001_AccountRegistration - Clicked Continue 
14:56:39.312 [main] INFO  testCases.TC_001_AccountRegistration - Registration passed
14:56:39.312 [main] INFO  testCases.TC_001_AccountRegistration -  Finished TC_001_AccountRegistration 
14:57:27.216 [main] INFO  testCases.TC_001_AccountRegistration -  Starting TC_001_AccountRegistration 
14:57:27.220 [main] INFO  testCases.TC_001_AccountRegistration - launching the driver....
14:57:28.270 [main] INFO  testCases.TC_001_AccountRegistration - Clicked the My Account
14:57:28.750 [main] INFO  testCases.TC_001_AccountRegistration - Clicked Register
14:57:28.866 [main] INFO  testCases.TC_001_AccountRegistration - First Name Given
14:57:28.960 [main] INFO  testCases.TC_001_AccountRegistration - Last name Given
14:57:29.096 [main] INFO  testCases.TC_001_AccountRegistration - Email given
14:57:29.097 [main] INFO  testCases.TC_001_AccountRegistration - got the email
14:57:29.194 [main] INFO  testCases.TC_001_AccountRegistration - Telephone number given
14:57:29.281 [main] INFO  testCases.TC_001_AccountRegistration - Password given
14:57:29.348 [main] INFO  testCases.TC_001_AccountRegistration - confirmed the password
14:57:29.412 [main] INFO  testCases.TC_001_AccountRegistration - Checked the privacy policy
14:57:31.949 [main] INFO  testCases.TC_001_AccountRegistration - Clicked Continue 
14:57:31.992 [main] INFO  testCases.TC_001_AccountRegistration - Registration Failed
16:07:41.898 [main] INFO  testCases.TC_001_AccountRegistration -  Starting TC_001_AccountRegistration 
16:07:41.900 [main] INFO  testCases.TC_001_AccountRegistration - launching the driver....
16:07:42.991 [main] INFO  testCases.TC_001_AccountRegistration - Clicked the My Account
16:07:43.455 [main] INFO  testCases.TC_001_AccountRegistration - Clicked Register
16:07:43.590 [main] INFO  testCases.TC_001_AccountRegistration - First Name Given
16:07:43.711 [main] INFO  testCases.TC_001_AccountRegistration - Last name Given
16:07:43.869 [main] INFO  testCases.TC_001_AccountRegistration - Email given
16:07:43.869 [main] INFO  testCases.TC_001_AccountRegistration - got the email
16:07:43.986 [main] INFO  testCases.TC_001_AccountRegistration - Telephone number given
16:07:44.089 [main] INFO  testCases.TC_001_AccountRegistration - Password given
16:07:44.183 [main] INFO  testCases.TC_001_AccountRegistration - confirmed the password
16:07:44.260 [main] INFO  testCases.TC_001_AccountRegistration - Checked the privacy policy
16:07:46.793 [main] INFO  testCases.TC_001_AccountRegistration - Clicked Continue 
16:07:46.855 [main] INFO  testCases.TC_001_AccountRegistration - Registration passed
16:07:46.855 [main] INFO  testCases.TC_001_AccountRegistration -  Finished TC_001_AccountRegistration 
16:17:53.903 [main] INFO  testCases.TC_001_AccountRegistration -  Starting TC_001_AccountRegistration 
16:17:53.905 [main] INFO  testCases.TC_001_AccountRegistration - launching the driver....
16:17:54.960 [main] INFO  testCases.TC_001_AccountRegistration - Clicked the My Account
16:17:55.419 [main] INFO  testCases.TC_001_AccountRegistration - Clicked Register
16:17:55.557 [main] INFO  testCases.TC_001_AccountRegistration - First Name Given
16:17:55.656 [main] INFO  testCases.TC_001_AccountRegistration - Last name Given
16:17:55.784 [main] INFO  testCases.TC_001_AccountRegistration - Email given
16:17:55.785 [main] INFO  testCases.TC_001_AccountRegistration - got the email
16:17:55.893 [main] INFO  testCases.TC_001_AccountRegistration - Telephone number given
16:17:55.982 [main] INFO  testCases.TC_001_AccountRegistration - Password given
16:17:56.050 [main] INFO  testCases.TC_001_AccountRegistration - confirmed the password
16:17:56.106 [main] INFO  testCases.TC_001_AccountRegistration - Checked the privacy policy
16:17:58.671 [main] INFO  testCases.TC_001_AccountRegistration - Clicked Continue 
16:17:58.732 [main] INFO  testCases.TC_001_AccountRegistration - Registration passed
16:17:58.733 [main] INFO  testCases.TC_001_AccountRegistration -  Finished TC_001_AccountRegistration 
17:32:33.241 [main] INFO  testCases.TC_001_AccountRegistration -  Starting TC_001_AccountRegistration 
17:32:33.246 [main] INFO  testCases.TC_001_AccountRegistration - launching the driver....
17:32:34.692 [main] INFO  testCases.TC_001_AccountRegistration - Clicked the My Account
17:32:35.366 [main] INFO  testCases.TC_001_AccountRegistration - Clicked Register
17:32:35.503 [main] INFO  testCases.TC_001_AccountRegistration - First Name Given
17:32:35.606 [main] INFO  testCases.TC_001_AccountRegistration - Last name Given
17:32:35.732 [main] INFO  testCases.TC_001_AccountRegistration - Email given
17:32:35.732 [main] INFO  testCases.TC_001_AccountRegistration - got the email
17:32:35.837 [main] INFO  testCases.TC_001_AccountRegistration - Telephone number given
17:32:35.916 [main] INFO  testCases.TC_001_AccountRegistration - Password given
17:32:35.992 [main] INFO  testCases.TC_001_AccountRegistration - confirmed the password
17:32:36.075 [main] INFO  testCases.TC_001_AccountRegistration - Checked the privacy policy
17:32:38.891 [main] INFO  testCases.TC_001_AccountRegistration - Clicked Continue 
17:32:38.943 [main] INFO  testCases.TC_001_AccountRegistration - Registration passed
17:32:38.944 [main] INFO  testCases.TC_001_AccountRegistration -  Finished TC_001_AccountRegistration 
17:37:20.772 [main] INFO  testCases.TC_001_AccountRegistration -  Starting TC_001_AccountRegistration 
17:37:20.774 [main] INFO  testCases.TC_001_AccountRegistration - launching the driver....
17:37:22.108 [main] INFO  testCases.TC_001_AccountRegistration - Clicked the My Account
17:37:22.795 [main] INFO  testCases.TC_001_AccountRegistration - Clicked Register
17:37:22.919 [main] INFO  testCases.TC_001_AccountRegistration - First Name Given
17:37:23.036 [main] INFO  testCases.TC_001_AccountRegistration - Last name Given
17:37:23.158 [main] INFO  testCases.TC_001_AccountRegistration - Email given
17:37:23.158 [main] INFO  testCases.TC_001_AccountRegistration - got the email
17:37:23.258 [main] INFO  testCases.TC_001_AccountRegistration - Telephone number given
17:37:23.364 [main] INFO  testCases.TC_001_AccountRegistration - Password given
17:37:23.449 [main] INFO  testCases.TC_001_AccountRegistration - confirmed the password
17:37:23.528 [main] INFO  testCases.TC_001_AccountRegistration - Checked the privacy policy
17:37:26.291 [main] INFO  testCases.TC_001_AccountRegistration - Clicked Continue 
17:37:26.345 [main] INFO  testCases.TC_001_AccountRegistration - Registration passed
17:37:26.346 [main] INFO  testCases.TC_001_AccountRegistration -  Finished TC_001_AccountRegistration 
17:37:27.663 [main] INFO  testCases.TC_002_Login - Starting TC_002_Login
17:37:28.431 [main] INFO  testCases.TC_002_Login - Home Page Displayed 
17:37:28.922 [main] INFO  testCases.TC_002_Login - Clicked on My Account 
17:37:29.596 [main] INFO  testCases.TC_002_Login - Clicked on Login 
17:37:29.721 [main] INFO  testCases.TC_002_Login - Provided Email 
17:37:29.799 [main] INFO  testCases.TC_002_Login - Provided Password 
17:37:30.438 [main] INFO  testCases.TC_002_Login - Clicked on Login
17:37:30.505 [main] INFO  testCases.TC_002_Login - Login Success 
17:37:30.505 [main] INFO  testCases.TC_002_Login -  Finished TC_002_Login 
22:31:30.687 [main] INFO  testCases.TC_001_AccountRegistration -  Starting TC_001_AccountRegistration 
22:31:30.690 [main] INFO  testCases.TC_001_AccountRegistration - launching the driver....
22:31:32.054 [main] INFO  testCases.TC_001_AccountRegistration - Clicked the My Account
22:31:32.785 [main] INFO  testCases.TC_001_AccountRegistration - Clicked Register
22:31:32.972 [main] INFO  testCases.TC_001_AccountRegistration - First Name Given
22:31:33.178 [main] INFO  testCases.TC_001_AccountRegistration - Last name Given
22:31:33.398 [main] INFO  testCases.TC_001_AccountRegistration - Email given
22:31:33.398 [main] INFO  testCases.TC_001_AccountRegistration - got the email
22:31:33.580 [main] INFO  testCases.TC_001_AccountRegistration - Telephone number given
22:31:33.727 [main] INFO  testCases.TC_001_AccountRegistration - Password given
22:31:33.860 [main] INFO  testCases.TC_001_AccountRegistration - confirmed the password
22:31:33.976 [main] INFO  testCases.TC_001_AccountRegistration - Checked the privacy policy
22:31:36.675 [main] INFO  testCases.TC_001_AccountRegistration - Clicked Continue 
22:31:36.733 [main] INFO  testCases.TC_001_AccountRegistration - Registration passed
22:31:36.733 [main] INFO  testCases.TC_001_AccountRegistration -  Finished TC_001_AccountRegistration 
22:31:38.191 [main] INFO  testCases.TC_002_Login - Starting TC_002_Login
22:31:38.954 [main] INFO  testCases.TC_002_Login - Home Page Displayed 
22:31:39.474 [main] INFO  testCases.TC_002_Login - Clicked on My Account 
22:31:40.092 [main] INFO  testCases.TC_002_Login - Clicked on Login 
22:31:40.344 [main] INFO  testCases.TC_002_Login - Provided Email 
22:31:40.512 [main] INFO  testCases.TC_002_Login - Provided Password 
22:31:41.192 [main] INFO  testCases.TC_002_Login - Clicked on Login
22:31:41.324 [main] INFO  testCases.TC_002_Login - Login Success 
22:31:41.324 [main] INFO  testCases.TC_002_Login -  Finished TC_002_Login 
22:31:44.440 [main] INFO  testCases.TC_003_LoginDDT -  Starting TC_003_LoginDDT 
22:31:45.049 [main] INFO  testCases.TC_003_LoginDDT - Home Page Displayed 
22:31:45.677 [main] INFO  testCases.TC_003_LoginDDT - Clicked on My Account 
22:31:46.356 [main] INFO  testCases.TC_003_LoginDDT - Clicked on Login 
22:31:46.569 [main] INFO  testCases.TC_003_LoginDDT - Provided Email 
22:31:46.696 [main] INFO  testCases.TC_003_LoginDDT - Provided Password 
22:31:47.350 [main] INFO  testCases.TC_003_LoginDDT - Clicked on Login
22:31:47.437 [main] INFO  testCases.TC_003_LoginDDT -  Finished TC_003_LoginDDT 
22:31:47.440 [main] INFO  testCases.TC_003_LoginDDT -  Starting TC_003_LoginDDT 
22:31:47.926 [main] INFO  testCases.TC_003_LoginDDT - Home Page Displayed 
22:31:48.053 [main] INFO  testCases.TC_003_LoginDDT - Clicked on My Account 
22:31:58.196 [main] FATAL testCases.TC_003_LoginDDT - Login Failed 
22:31:58.202 [main] INFO  testCases.TC_003_LoginDDT -  Starting TC_003_LoginDDT 
22:31:58.639 [main] INFO  testCases.TC_003_LoginDDT - Home Page Displayed 
22:31:58.817 [main] INFO  testCases.TC_003_LoginDDT - Clicked on My Account 
22:32:08.918 [main] FATAL testCases.TC_003_LoginDDT - Login Failed 
22:32:08.921 [main] INFO  testCases.TC_003_LoginDDT -  Starting TC_003_LoginDDT 
22:32:09.403 [main] INFO  testCases.TC_003_LoginDDT - Home Page Displayed 
22:32:09.575 [main] INFO  testCases.TC_003_LoginDDT - Clicked on My Account 
22:32:19.656 [main] FATAL testCases.TC_003_LoginDDT - Login Failed 
22:36:11.988 [main] INFO  testCases.TC_003_LoginDDT -  Starting TC_003_LoginDDT 
22:36:12.721 [main] INFO  testCases.TC_003_LoginDDT - Home Page Displayed 
22:36:13.338 [main] INFO  testCases.TC_003_LoginDDT - Clicked on My Account 
22:36:13.957 [main] INFO  testCases.TC_003_LoginDDT - Clicked on Login 
22:36:14.160 [main] INFO  testCases.TC_003_LoginDDT - Provided Email 
22:36:14.287 [main] INFO  testCases.TC_003_LoginDDT - Provided Password 
22:36:14.863 [main] INFO  testCases.TC_003_LoginDDT - Clicked on Login
22:36:14.929 [main] INFO  testCases.TC_003_LoginDDT -  Finished TC_003_LoginDDT 
22:36:14.946 [main] INFO  testCases.TC_003_LoginDDT -  Starting TC_003_LoginDDT 
22:36:15.417 [main] INFO  testCases.TC_003_LoginDDT - Home Page Displayed 
22:36:15.560 [main] INFO  testCases.TC_003_LoginDDT - Clicked on My Account 
22:36:25.662 [main] FATAL testCases.TC_003_LoginDDT - Login Failed 
22:36:25.673 [main] INFO  testCases.TC_003_LoginDDT -  Starting TC_003_LoginDDT 
22:36:26.140 [main] INFO  testCases.TC_003_LoginDDT - Home Page Displayed 
22:36:26.252 [main] INFO  testCases.TC_003_LoginDDT - Clicked on My Account 
22:36:36.345 [main] FATAL testCases.TC_003_LoginDDT - Login Failed 
22:36:36.352 [main] INFO  testCases.TC_003_LoginDDT -  Starting TC_003_LoginDDT 
22:36:36.791 [main] INFO  testCases.TC_003_LoginDDT - Home Page Displayed 
22:36:36.956 [main] INFO  testCases.TC_003_LoginDDT - Clicked on My Account 
22:36:47.032 [main] FATAL testCases.TC_003_LoginDDT - Login Failed 
22:44:48.684 [main] INFO  testCases.TC_003_LoginDDT -  Starting TC_003_LoginDDT 
22:44:49.843 [main] INFO  testCases.TC_003_LoginDDT - Home Page Displayed 
22:44:50.108 [main] INFO  testCases.TC_003_LoginDDT - Clicked on My Account 
22:44:50.610 [main] INFO  testCases.TC_003_LoginDDT - Clicked on Login 
22:44:50.824 [main] INFO  testCases.TC_003_LoginDDT - Provided Email 
22:44:50.967 [main] INFO  testCases.TC_003_LoginDDT - Provided Password 
22:44:51.435 [main] INFO  testCases.TC_003_LoginDDT - Clicked on Login
22:44:51.519 [main] INFO  testCases.TC_003_LoginDDT -  Finished TC_003_LoginDDT 
22:44:51.528 [main] INFO  testCases.TC_003_LoginDDT -  Starting TC_003_LoginDDT 
22:44:51.898 [main] INFO  testCases.TC_003_LoginDDT - Home Page Displayed 
22:44:52.011 [main] INFO  testCases.TC_003_LoginDDT - Clicked on My Account 
22:45:02.098 [main] FATAL testCases.TC_003_LoginDDT - Login Failed 
22:45:02.110 [main] INFO  testCases.TC_003_LoginDDT -  Starting TC_003_LoginDDT 
22:45:02.477 [main] INFO  testCases.TC_003_LoginDDT - Home Page Displayed 
22:45:02.600 [main] INFO  testCases.TC_003_LoginDDT - Clicked on My Account 
22:45:12.643 [main] FATAL testCases.TC_003_LoginDDT - Login Failed 
22:45:12.647 [main] INFO  testCases.TC_003_LoginDDT -  Starting TC_003_LoginDDT 
22:45:13.001 [main] INFO  testCases.TC_003_LoginDDT - Home Page Displayed 
22:45:13.127 [main] INFO  testCases.TC_003_LoginDDT - Clicked on My Account 
22:45:23.170 [main] FATAL testCases.TC_003_LoginDDT - Login Failed 
22:49:03.759 [main] INFO  testCases.TC_003_LoginDDT -  Starting TC_003_LoginDDT 
22:49:04.335 [main] INFO  testCases.TC_003_LoginDDT - Home Page Displayed 
22:49:04.780 [main] INFO  testCases.TC_003_LoginDDT - Clicked on My Account 
22:49:05.259 [main] INFO  testCases.TC_003_LoginDDT - Clicked on Login 
22:49:05.368 [main] INFO  testCases.TC_003_LoginDDT - Provided Email 
22:49:05.428 [main] INFO  testCases.TC_003_LoginDDT - Provided Password 
22:49:05.803 [main] INFO  testCases.TC_003_LoginDDT - Clicked on Login
22:49:05.874 [main] INFO  testCases.TC_003_LoginDDT -  Finished TC_003_LoginDDT 
22:49:05.895 [main] INFO  testCases.TC_003_LoginDDT -  Starting TC_003_LoginDDT 
22:49:06.311 [main] INFO  testCases.TC_003_LoginDDT - Home Page Displayed 
22:49:06.416 [main] INFO  testCases.TC_003_LoginDDT - Clicked on My Account 
22:49:16.457 [main] FATAL testCases.TC_003_LoginDDT - Login Failed 
22:49:16.470 [main] INFO  testCases.TC_003_LoginDDT -  Starting TC_003_LoginDDT 
22:49:16.769 [main] INFO  testCases.TC_003_LoginDDT - Home Page Displayed 
22:49:16.886 [main] INFO  testCases.TC_003_LoginDDT - Clicked on My Account 
22:49:26.931 [main] FATAL testCases.TC_003_LoginDDT - Login Failed 
22:49:26.933 [main] INFO  testCases.TC_003_LoginDDT -  Starting TC_003_LoginDDT 
22:49:27.318 [main] INFO  testCases.TC_003_LoginDDT - Home Page Displayed 
22:49:27.456 [main] INFO  testCases.TC_003_LoginDDT - Clicked on My Account 
22:49:37.488 [main] FATAL testCases.TC_003_LoginDDT - Login Failed 
22:51:24.174 [main] INFO  testCases.TC_003_LoginDDT -  Starting TC_003_LoginDDT 
22:51:24.671 [main] INFO  testCases.TC_003_LoginDDT - Home Page Displayed 
22:51:25.172 [main] INFO  testCases.TC_003_LoginDDT - Clicked on My Account 
22:51:25.683 [main] INFO  testCases.TC_003_LoginDDT - Clicked on Login 
22:51:25.870 [main] INFO  testCases.TC_003_LoginDDT - Provided Email 
22:51:25.982 [main] INFO  testCases.TC_003_LoginDDT - Provided Password 
22:51:26.494 [main] INFO  testCases.TC_003_LoginDDT - Clicked on Login
22:51:26.561 [main] INFO  testCases.TC_003_LoginDDT -  Finished TC_003_LoginDDT 
22:51:26.573 [main] INFO  testCases.TC_003_LoginDDT -  Starting TC_003_LoginDDT 
22:51:26.922 [main] INFO  testCases.TC_003_LoginDDT - Home Page Displayed 
22:51:27.059 [main] INFO  testCases.TC_003_LoginDDT - Clicked on My Account 
22:51:37.147 [main] FATAL testCases.TC_003_LoginDDT - Login Failed 
22:51:37.152 [main] INFO  testCases.TC_003_LoginDDT -  Starting TC_003_LoginDDT 
22:51:37.523 [main] INFO  testCases.TC_003_LoginDDT - Home Page Displayed 
22:51:37.615 [main] INFO  testCases.TC_003_LoginDDT - Clicked on My Account 
22:51:47.714 [main] FATAL testCases.TC_003_LoginDDT - Login Failed 
22:51:47.717 [main] INFO  testCases.TC_003_LoginDDT -  Starting TC_003_LoginDDT 
22:51:48.127 [main] INFO  testCases.TC_003_LoginDDT - Home Page Displayed 
22:51:48.210 [main] INFO  testCases.TC_003_LoginDDT - Clicked on My Account 
22:51:58.237 [main] FATAL testCases.TC_003_LoginDDT - Login Failed 
23:33:15.467 [main] INFO  testCases.TC_003_LoginDDT -  Starting TC_003_LoginDDT 
23:33:16.092 [main] INFO  testCases.TC_003_LoginDDT - Home Page Displayed 
23:33:16.403 [main] INFO  testCases.TC_003_LoginDDT - Clicked on My Account 
23:33:16.792 [main] INFO  testCases.TC_003_LoginDDT - Clicked on Login 
23:33:16.922 [main] INFO  testCases.TC_003_LoginDDT - Provided Email 
23:33:17.012 [main] INFO  testCases.TC_003_LoginDDT - Provided Password 
23:33:17.437 [main] INFO  testCases.TC_003_LoginDDT - Clicked on Login
23:33:17.476 [main] INFO  testCases.TC_003_LoginDDT -  Finished TC_003_LoginDDT 
23:33:17.486 [main] INFO  testCases.TC_003_LoginDDT -  Starting TC_003_LoginDDT 
23:33:17.815 [main] INFO  testCases.TC_003_LoginDDT - Home Page Displayed 
23:33:17.938 [main] INFO  testCases.TC_003_LoginDDT - Clicked on My Account 
23:33:28.010 [main] FATAL testCases.TC_003_LoginDDT - Login Failed 
23:33:28.016 [main] INFO  testCases.TC_003_LoginDDT -  Starting TC_003_LoginDDT 
23:33:28.303 [main] INFO  testCases.TC_003_LoginDDT - Home Page Displayed 
23:33:28.398 [main] INFO  testCases.TC_003_LoginDDT - Clicked on My Account 
23:33:38.418 [main] FATAL testCases.TC_003_LoginDDT - Login Failed 
23:33:38.423 [main] INFO  testCases.TC_003_LoginDDT -  Starting TC_003_LoginDDT 
23:33:38.739 [main] INFO  testCases.TC_003_LoginDDT - Home Page Displayed 
23:33:38.815 [main] INFO  testCases.TC_003_LoginDDT - Clicked on My Account 
23:33:48.900 [main] FATAL testCases.TC_003_LoginDDT - Login Failed 
23:36:03.402 [main] INFO  testCases.TC_003_LoginDDT -  Starting TC_003_LoginDDT 
23:36:03.889 [main] INFO  testCases.TC_003_LoginDDT - Home Page Displayed 
23:36:04.256 [main] INFO  testCases.TC_003_LoginDDT - Clicked on My Account 
23:36:04.660 [main] INFO  testCases.TC_003_LoginDDT - Clicked on Login 
23:36:04.792 [main] INFO  testCases.TC_003_LoginDDT - Provided Email 
23:36:04.891 [main] INFO  testCases.TC_003_LoginDDT - Provided Password 
23:36:05.329 [main] INFO  testCases.TC_003_LoginDDT - Clicked on Login
23:36:05.387 [main] INFO  testCases.TC_003_LoginDDT -  Finished TC_003_LoginDDT 
23:36:05.397 [main] INFO  testCases.TC_003_LoginDDT -  Starting TC_003_LoginDDT 
23:36:05.710 [main] INFO  testCases.TC_003_LoginDDT - Home Page Displayed 
23:36:05.816 [main] INFO  testCases.TC_003_LoginDDT - Clicked on My Account 
23:36:15.917 [main] FATAL testCases.TC_003_LoginDDT - Login Failed 
23:36:15.927 [main] INFO  testCases.TC_003_LoginDDT -  Starting TC_003_LoginDDT 
23:36:16.252 [main] INFO  testCases.TC_003_LoginDDT - Home Page Displayed 
23:36:16.346 [main] INFO  testCases.TC_003_LoginDDT - Clicked on My Account 
23:36:26.414 [main] FATAL testCases.TC_003_LoginDDT - Login Failed 
23:36:26.420 [main] INFO  testCases.TC_003_LoginDDT -  Starting TC_003_LoginDDT 
23:36:26.805 [main] INFO  testCases.TC_003_LoginDDT - Home Page Displayed 
23:36:26.899 [main] INFO  testCases.TC_003_LoginDDT - Clicked on My Account 
23:36:36.976 [main] FATAL testCases.TC_003_LoginDDT - Login Failed 
23:46:17.491 [main] INFO  testCases.TC_003_LoginDDT -  Starting TC_003_LoginDDT 
23:46:18.034 [main] INFO  testCases.TC_003_LoginDDT - Home Page Displayed 
23:46:18.427 [main] INFO  testCases.TC_003_LoginDDT - Clicked on My Account 
23:46:18.794 [main] INFO  testCases.TC_003_LoginDDT - Clicked on Login 
23:46:18.919 [main] INFO  testCases.TC_003_LoginDDT - Provided Email 
23:46:19.006 [main] INFO  testCases.TC_003_LoginDDT - Provided Password 
23:46:19.437 [main] INFO  testCases.TC_003_LoginDDT - Clicked on Login
23:46:19.478 [main] INFO  testCases.TC_003_LoginDDT -  Finished TC_003_LoginDDT 
23:46:19.489 [main] INFO  testCases.TC_003_LoginDDT -  Starting TC_003_LoginDDT 
23:46:19.874 [main] INFO  testCases.TC_003_LoginDDT - Home Page Displayed 
23:46:20.013 [main] INFO  testCases.TC_003_LoginDDT - Clicked on My Account 
23:46:30.054 [main] FATAL testCases.TC_003_LoginDDT - Login Failed 
23:46:30.064 [main] INFO  testCases.TC_003_LoginDDT -  Starting TC_003_LoginDDT 
23:46:30.340 [main] INFO  testCases.TC_003_LoginDDT - Home Page Displayed 
23:46:30.441 [main] INFO  testCases.TC_003_LoginDDT - Clicked on My Account 
23:46:40.514 [main] FATAL testCases.TC_003_LoginDDT - Login Failed 
23:46:40.518 [main] INFO  testCases.TC_003_LoginDDT -  Starting TC_003_LoginDDT 
23:46:40.919 [main] INFO  testCases.TC_003_LoginDDT - Home Page Displayed 
23:46:41.046 [main] INFO  testCases.TC_003_LoginDDT - Clicked on My Account 
23:46:51.096 [main] FATAL testCases.TC_003_LoginDDT - Login Failed 
12:54:22.548 [main] INFO  testCases.TC_002_Login - Starting TC_002_Login
12:54:24.088 [main] INFO  testCases.TC_002_Login - Home Page Displayed 
12:54:24.340 [main] INFO  testCases.TC_002_Login - Clicked on My Account 
12:54:24.656 [main] INFO  testCases.TC_002_Login - Clicked on Login 
12:54:24.721 [main] INFO  testCases.TC_002_Login - Provided Email 
12:54:24.767 [main] INFO  testCases.TC_002_Login - Provided Password 
12:54:25.051 [main] INFO  testCases.TC_002_Login - Clicked on Login
12:54:25.084 [main] INFO  testCases.TC_002_Login - Login Success 
12:54:25.085 [main] INFO  testCases.TC_002_Login -  Finished TC_002_Login 
12:54:47.765 [main] INFO  testCases.TC_001_AccountRegistration -  Starting TC_001_AccountRegistration 
12:54:47.767 [main] INFO  testCases.TC_001_AccountRegistration - launching the driver....
12:54:48.379 [main] INFO  testCases.TC_001_AccountRegistration - Clicked the My Account
12:54:48.703 [main] INFO  testCases.TC_001_AccountRegistration - Clicked Register
12:54:48.756 [main] INFO  testCases.TC_001_AccountRegistration - First Name Given
12:54:48.807 [main] INFO  testCases.TC_001_AccountRegistration - Last name Given
12:54:48.874 [main] INFO  testCases.TC_001_AccountRegistration - Email given
12:54:48.875 [main] INFO  testCases.TC_001_AccountRegistration - got the email
12:54:48.927 [main] INFO  testCases.TC_001_AccountRegistration - Telephone number given
12:54:48.978 [main] INFO  testCases.TC_001_AccountRegistration - Password given
12:54:49.018 [main] INFO  testCases.TC_001_AccountRegistration - confirmed the password
12:54:49.051 [main] INFO  testCases.TC_001_AccountRegistration - Checked the privacy policy
12:54:51.423 [main] INFO  testCases.TC_001_AccountRegistration - Clicked Continue 
12:54:51.451 [main] INFO  testCases.TC_001_AccountRegistration - Registration passed
12:54:51.451 [main] INFO  testCases.TC_001_AccountRegistration -  Finished TC_001_AccountRegistration 
12:55:34.227 [main] INFO  testCases.TC_003_LoginDDT -  Starting TC_003_LoginDDT 
12:55:34.618 [main] INFO  testCases.TC_003_LoginDDT - Home Page Displayed 
12:55:34.809 [main] INFO  testCases.TC_003_LoginDDT - Clicked on My Account 
12:55:34.999 [main] INFO  testCases.TC_003_LoginDDT - Clicked on Login 
12:55:35.070 [main] INFO  testCases.TC_003_LoginDDT - Provided Email 
12:55:35.111 [main] INFO  testCases.TC_003_LoginDDT - Provided Password 
12:55:35.292 [main] INFO  testCases.TC_003_LoginDDT - Clicked on Login
12:55:35.334 [main] INFO  testCases.TC_003_LoginDDT -  Finished TC_003_LoginDDT 
12:55:35.342 [main] INFO  testCases.TC_003_LoginDDT -  Starting TC_003_LoginDDT 
12:55:35.486 [main] INFO  testCases.TC_003_LoginDDT - Home Page Displayed 
12:55:35.550 [main] INFO  testCases.TC_003_LoginDDT - Clicked on My Account 
12:55:45.574 [main] FATAL testCases.TC_003_LoginDDT - Login Failed 
12:55:45.582 [main] INFO  testCases.TC_003_LoginDDT -  Starting TC_003_LoginDDT 
12:55:45.747 [main] INFO  testCases.TC_003_LoginDDT - Home Page Displayed 
12:55:45.784 [main] INFO  testCases.TC_003_LoginDDT - Clicked on My Account 
12:55:55.839 [main] FATAL testCases.TC_003_LoginDDT - Login Failed 
12:55:55.839 [main] INFO  testCases.TC_003_LoginDDT -  Starting TC_003_LoginDDT 
12:55:56.034 [main] INFO  testCases.TC_003_LoginDDT - Home Page Displayed 
12:55:56.076 [main] INFO  testCases.TC_003_LoginDDT - Clicked on My Account 
12:56:06.137 [main] FATAL testCases.TC_003_LoginDDT - Login Failed 
14:05:00.099 [main] INFO  testCases.TC_003_LoginDDT -  Starting TC_003_LoginDDT 
14:05:00.526 [main] INFO  testCases.TC_003_LoginDDT - Home Page Displayed 
14:05:00.772 [main] INFO  testCases.TC_003_LoginDDT - Clicked on My Account 
14:05:01.008 [main] INFO  testCases.TC_003_LoginDDT - Clicked on Login 
14:05:01.076 [main] INFO  testCases.TC_003_LoginDDT - Provided Email 
14:05:01.122 [main] INFO  testCases.TC_003_LoginDDT - Provided Password 
14:05:01.308 [main] INFO  testCases.TC_003_LoginDDT - Clicked on Login
14:05:01.350 [main] INFO  testCases.TC_003_LoginDDT -  Finished TC_003_LoginDDT 
14:05:01.357 [main] INFO  testCases.TC_003_LoginDDT -  Starting TC_003_LoginDDT 
14:05:01.511 [main] INFO  testCases.TC_003_LoginDDT - Home Page Displayed 
14:05:01.572 [main] INFO  testCases.TC_003_LoginDDT - Clicked on My Account 
14:05:11.585 [main] FATAL testCases.TC_003_LoginDDT - Login Failed 
14:05:11.592 [main] INFO  testCases.TC_003_LoginDDT -  Starting TC_003_LoginDDT 
14:05:11.755 [main] INFO  testCases.TC_003_LoginDDT - Home Page Displayed 
14:05:11.819 [main] INFO  testCases.TC_003_LoginDDT - Clicked on My Account 
14:05:21.850 [main] FATAL testCases.TC_003_LoginDDT - Login Failed 
14:14:42.582 [main] INFO  testCases.TC_003_LoginDDT -  Starting TC_003_LoginDDT 
14:14:42.974 [main] INFO  testCases.TC_003_LoginDDT - Home Page Displayed 
14:14:43.159 [main] INFO  testCases.TC_003_LoginDDT - Clicked on My Account 
14:14:43.382 [main] INFO  testCases.TC_003_LoginDDT - Clicked on Login 
14:14:43.452 [main] INFO  testCases.TC_003_LoginDDT - Provided Email 
14:14:43.498 [main] INFO  testCases.TC_003_LoginDDT - Provided Password 
14:14:43.656 [main] INFO  testCases.TC_003_LoginDDT - Clicked on Login
14:14:53.676 [main] ERROR testCases.TC_003_LoginDDT - Login Failed 
14:14:53.676 [main] INFO  testCases.TC_003_LoginDDT -  Finished TC_003_LoginDDT 
14:14:53.692 [main] INFO  testCases.TC_003_LoginDDT -  Starting TC_003_LoginDDT 
14:14:53.902 [main] INFO  testCases.TC_003_LoginDDT - Home Page Displayed 
14:14:53.942 [main] INFO  testCases.TC_003_LoginDDT - Clicked on My Account 
14:14:54.120 [main] INFO  testCases.TC_003_LoginDDT - Clicked on Login 
14:14:54.211 [main] INFO  testCases.TC_003_LoginDDT - Provided Email 
14:14:54.252 [main] INFO  testCases.TC_003_LoginDDT - Provided Password 
14:14:54.405 [main] INFO  testCases.TC_003_LoginDDT - Clicked on Login
14:15:04.455 [main] ERROR testCases.TC_003_LoginDDT - Login Failed 
14:15:04.455 [main] INFO  testCases.TC_003_LoginDDT -  Finished TC_003_LoginDDT 
14:15:53.197 [main] INFO  testCases.TC_003_LoginDDT -  Starting TC_003_LoginDDT 
14:15:53.549 [main] INFO  testCases.TC_003_LoginDDT - Home Page Displayed 
14:15:53.790 [main] INFO  testCases.TC_003_LoginDDT - Clicked on My Account 
14:15:53.989 [main] INFO  testCases.TC_003_LoginDDT - Clicked on Login 
14:15:54.047 [main] INFO  testCases.TC_003_LoginDDT - Provided Email 
14:15:54.098 [main] INFO  testCases.TC_003_LoginDDT - Provided Password 
14:15:54.255 [main] INFO  testCases.TC_003_LoginDDT - Clicked on Login
14:16:04.322 [main] ERROR testCases.TC_003_LoginDDT - Login Failed 
14:16:04.330 [main] INFO  testCases.TC_003_LoginDDT -  Finished TC_003_LoginDDT 
14:16:04.338 [main] INFO  testCases.TC_003_LoginDDT -  Starting TC_003_LoginDDT 
14:16:04.524 [main] INFO  testCases.TC_003_LoginDDT - Home Page Displayed 
14:16:04.563 [main] INFO  testCases.TC_003_LoginDDT - Clicked on My Account 
14:16:04.726 [main] INFO  testCases.TC_003_LoginDDT - Clicked on Login 
14:16:04.816 [main] INFO  testCases.TC_003_LoginDDT - Provided Email 
14:16:04.858 [main] INFO  testCases.TC_003_LoginDDT - Provided Password 
14:16:05.006 [main] INFO  testCases.TC_003_LoginDDT - Clicked on Login
14:16:15.018 [main] ERROR testCases.TC_003_LoginDDT - Login Failed 
14:16:15.018 [main] INFO  testCases.TC_003_LoginDDT -  Finished TC_003_LoginDDT 
14:16:56.937 [main] INFO  testCases.TC_003_LoginDDT -  Starting TC_003_LoginDDT 
14:16:57.646 [main] INFO  testCases.TC_003_LoginDDT - Home Page Displayed 
14:16:57.817 [main] INFO  testCases.TC_003_LoginDDT - Clicked on My Account 
14:16:58.022 [main] INFO  testCases.TC_003_LoginDDT - Clicked on Login 
14:16:58.102 [main] INFO  testCases.TC_003_LoginDDT - Provided Email 
14:16:58.149 [main] INFO  testCases.TC_003_LoginDDT - Provided Password 
14:16:58.341 [main] INFO  testCases.TC_003_LoginDDT - Clicked on Login
14:16:58.378 [main] INFO  testCases.TC_003_LoginDDT -  Finished TC_003_LoginDDT 
14:16:58.387 [main] INFO  testCases.TC_003_LoginDDT -  Starting TC_003_LoginDDT 
14:16:58.561 [main] INFO  testCases.TC_003_LoginDDT - Home Page Displayed 
14:16:58.601 [main] INFO  testCases.TC_003_LoginDDT - Clicked on My Account 
14:17:08.616 [main] FATAL testCases.TC_003_LoginDDT - Login Failed 
14:17:08.632 [main] INFO  testCases.TC_003_LoginDDT -  Starting TC_003_LoginDDT 
14:17:08.810 [main] INFO  testCases.TC_003_LoginDDT - Home Page Displayed 
14:17:08.866 [main] INFO  testCases.TC_003_LoginDDT - Clicked on My Account 
14:17:18.884 [main] FATAL testCases.TC_003_LoginDDT - Login Failed 
14:17:18.884 [main] INFO  testCases.TC_003_LoginDDT -  Starting TC_003_LoginDDT 
14:17:19.043 [main] INFO  testCases.TC_003_LoginDDT - Home Page Displayed 
14:17:19.098 [main] INFO  testCases.TC_003_LoginDDT - Clicked on My Account 
14:17:29.146 [main] FATAL testCases.TC_003_LoginDDT - Login Failed 
14:26:48.451 [main] INFO  testCases.TC_003_LoginDDT -  Starting TC_003_LoginDDT 
14:26:48.844 [main] INFO  testCases.TC_003_LoginDDT - Home Page Displayed 
14:26:49.090 [main] INFO  testCases.TC_003_LoginDDT - Clicked on My Account 
14:26:49.319 [main] INFO  testCases.TC_003_LoginDDT - Clicked on Login 
14:26:49.402 [main] INFO  testCases.TC_003_LoginDDT - Provided Email 
14:26:49.449 [main] INFO  testCases.TC_003_LoginDDT - Provided Password 
14:26:49.668 [main] INFO  testCases.TC_003_LoginDDT - Clicked on Login
14:26:49.697 [main] INFO  testCases.TC_003_LoginDDT -  Finished TC_003_LoginDDT 
14:26:49.705 [main] INFO  testCases.TC_003_LoginDDT -  Starting TC_003_LoginDDT 
14:26:49.880 [main] INFO  testCases.TC_003_LoginDDT - Home Page Displayed 
14:26:49.922 [main] INFO  testCases.TC_003_LoginDDT - Clicked on My Account 
14:26:59.934 [main] FATAL testCases.TC_003_LoginDDT - Login Failed 
14:26:59.944 [main] INFO  testCases.TC_003_LoginDDT -  Starting TC_003_LoginDDT 
14:27:00.117 [main] INFO  testCases.TC_003_LoginDDT - Home Page Displayed 
14:27:00.175 [main] INFO  testCases.TC_003_LoginDDT - Clicked on My Account 
14:27:10.246 [main] FATAL testCases.TC_003_LoginDDT - Login Failed 
14:27:10.248 [main] INFO  testCases.TC_003_LoginDDT -  Starting TC_003_LoginDDT 
14:27:10.448 [main] INFO  testCases.TC_003_LoginDDT - Home Page Displayed 
14:27:10.508 [main] INFO  testCases.TC_003_LoginDDT - Clicked on My Account 
14:27:20.571 [main] FATAL testCases.TC_003_LoginDDT - Login Failed 
14:30:13.889 [main] INFO  testCases.TC_003_LoginDDT -  Starting TC_003_LoginDDT 
14:30:14.286 [main] INFO  testCases.TC_003_LoginDDT - Home Page Displayed 
14:30:14.514 [main] INFO  testCases.TC_003_LoginDDT - Clicked on My Account 
14:30:14.722 [main] INFO  testCases.TC_003_LoginDDT - Clicked on Login 
14:30:14.783 [main] INFO  testCases.TC_003_LoginDDT - Provided Email 
14:30:14.836 [main] INFO  testCases.TC_003_LoginDDT - Provided Password 
14:30:15.056 [main] INFO  testCases.TC_003_LoginDDT - Clicked on Login
14:30:15.095 [main] INFO  testCases.TC_003_LoginDDT -  Finished TC_003_LoginDDT 
14:30:15.104 [main] INFO  testCases.TC_003_LoginDDT -  Starting TC_003_LoginDDT 
14:30:15.286 [main] INFO  testCases.TC_003_LoginDDT - Home Page Displayed 
14:30:15.325 [main] INFO  testCases.TC_003_LoginDDT - Clicked on My Account 
14:30:25.400 [main] FATAL testCases.TC_003_LoginDDT - Login Failed 
14:30:25.411 [main] INFO  testCases.TC_003_LoginDDT -  Starting TC_003_LoginDDT 
14:30:25.601 [main] INFO  testCases.TC_003_LoginDDT - Home Page Displayed 
14:30:25.661 [main] INFO  testCases.TC_003_LoginDDT - Clicked on My Account 
14:30:35.700 [main] FATAL testCases.TC_003_LoginDDT - Login Failed 
14:30:35.702 [main] INFO  testCases.TC_003_LoginDDT -  Starting TC_003_LoginDDT 
14:30:35.901 [main] INFO  testCases.TC_003_LoginDDT - Home Page Displayed 
14:30:35.941 [main] INFO  testCases.TC_003_LoginDDT - Clicked on My Account 
14:30:45.982 [main] FATAL testCases.TC_003_LoginDDT - Login Failed 
14:39:05.864 [main] INFO  testCases.TC_003_LoginDDT -  Starting TC_003_LoginDDT 
14:39:06.251 [main] INFO  testCases.TC_003_LoginDDT - Home Page Displayed 
14:39:06.443 [main] INFO  testCases.TC_003_LoginDDT - Clicked on My Account 
14:39:06.686 [main] INFO  testCases.TC_003_LoginDDT - Clicked on Login 
14:39:06.749 [main] INFO  testCases.TC_003_LoginDDT - Provided Email 
14:39:06.801 [main] INFO  testCases.TC_003_LoginDDT - Provided Password 
14:39:06.995 [main] INFO  testCases.TC_003_LoginDDT - Clicked on Login
14:39:07.037 [main] INFO  testCases.TC_003_LoginDDT -  Finished TC_003_LoginDDT 
14:39:07.045 [main] INFO  testCases.TC_003_LoginDDT -  Starting TC_003_LoginDDT 
14:39:07.213 [main] INFO  testCases.TC_003_LoginDDT - Home Page Displayed 
14:39:07.256 [main] INFO  testCases.TC_003_LoginDDT - Clicked on My Account 
14:39:17.277 [main] FATAL testCases.TC_003_LoginDDT - Login Failed 
14:39:17.285 [main] INFO  testCases.TC_003_LoginDDT -  Starting TC_003_LoginDDT 
14:39:17.494 [main] INFO  testCases.TC_003_LoginDDT - Home Page Displayed 
14:39:17.538 [main] INFO  testCases.TC_003_LoginDDT - Clicked on My Account 
14:39:27.546 [main] FATAL testCases.TC_003_LoginDDT - Login Failed 
14:39:27.547 [main] INFO  testCases.TC_003_LoginDDT -  Starting TC_003_LoginDDT 
14:39:27.732 [main] INFO  testCases.TC_003_LoginDDT - Home Page Displayed 
14:39:27.778 [main] INFO  testCases.TC_003_LoginDDT - Clicked on My Account 
